[10:54:14] [main/INFO] [LaunchWrapper]: Loading tweak class name net.minecraftforge.fml.common.launcher.FMLServerTweaker
[10:54:14] [main/INFO] [LaunchWrapper]: Using primary tweak class name net.minecraftforge.fml.common.launcher.FMLServerTweaker
[10:54:14] [main/INFO] [LaunchWrapper]: Calling tweak class net.minecraftforge.fml.common.launcher.FMLServerTweaker
[10:54:14] [main/DEBUG] [FML]: Injecting tracing printstreams for STDOUT/STDERR.
[10:54:14] [main/INFO] [FML]: Forge Mod Loader version 14.23.5.2854 for Minecraft 1.12.2 loading
[10:54:14] [main/INFO] [FML]: Java is Java HotSpot(TM) 64-Bit Server VM, version 1.8.0_271, running on Windows 10:amd64:10.0, installed at C:\Program Files\Java\jre1.8.0_271
[10:54:14] [main/DEBUG] [FML]: Java classpath at launch is:
[10:54:14] [main/DEBUG] [FML]:     E:\Documents\GitHub\winterproject2020\forge-1.12.2-14.23.5.2854.jar
[10:54:14] [main/DEBUG] [FML]: Java library path at launch is:
[10:54:14] [main/DEBUG] [FML]:     C:\Program Files\Java\jre1.8.0_271\bin
[10:54:14] [main/DEBUG] [FML]:     C:\WINDOWS\Sun\Java\bin
[10:54:14] [main/DEBUG] [FML]:     C:\WINDOWS\system32
[10:54:14] [main/DEBUG] [FML]:     C:\WINDOWS
[10:54:14] [main/DEBUG] [FML]:     C:\Program Files (x86)\NVIDIA Corporation\PhysX\Common
[10:54:14] [main/DEBUG] [FML]:     C:\Program Files (x86)\Common Files\Intel\Shared Libraries\redist\intel64_win\compiler
[10:54:14] [main/DEBUG] [FML]:     C:\Program Files (x86)\Common Files\Oracle\Java\javapath
[10:54:14] [main/DEBUG] [FML]:     C:\ProgramData\Anaconda3
[10:54:14] [main/DEBUG] [FML]:     C:\ProgramData\Anaconda3\Library\mingw-w64\bin
[10:54:14] [main/DEBUG] [FML]:     C:\ProgramData\Anaconda3\Library\usr\bin
[10:54:14] [main/DEBUG] [FML]:     C:\ProgramData\Anaconda3\Library\bin
[10:54:14] [main/DEBUG] [FML]:     C:\ProgramData\Anaconda3\Scripts
[10:54:14] [main/DEBUG] [FML]:     C:\WINDOWS\system32
[10:54:14] [main/DEBUG] [FML]:     C:\WINDOWS
[10:54:14] [main/DEBUG] [FML]:     C:\WINDOWS\System32\Wbem
[10:54:14] [main/DEBUG] [FML]:     C:\WINDOWS\System32\WindowsPowerShell\v1.0\
[10:54:14] [main/DEBUG] [FML]:     C:\WINDOWS\System32\OpenSSH\
[10:54:14] [main/DEBUG] [FML]:     C:\Program Files (x86)\Windows Live\Shared
[10:54:14] [main/DEBUG] [FML]:     C:\Program Files (x86)\Common Files\Intel\Shared Libraries\redist\intel64_win\compiler
[10:54:14] [main/DEBUG] [FML]:     C:\Users\Megaport\Anaconda3
[10:54:14] [main/DEBUG] [FML]:     C:\Users\Megaport\Anaconda3\Library\mingw-w64\bin
[10:54:14] [main/DEBUG] [FML]:     C:\Users\Megaport\Anaconda3\Library\usr\bin
[10:54:14] [main/DEBUG] [FML]:     C:\Users\Megaport\Anaconda3\Library\bin
[10:54:14] [main/DEBUG] [FML]:     C:\Users\Megaport\Anaconda3\Scripts
[10:54:14] [main/DEBUG] [FML]:     C:\Users\Megaport\AppData\Local\Microsoft\WindowsApps
[10:54:14] [main/DEBUG] [FML]:     C:\Program Files (x86)\FAHClient
[10:54:14] [main/DEBUG] [FML]:     C:\Users\Megaport\AppData\Local\GitHubDesktop\bin
[10:54:14] [main/DEBUG] [FML]:     .
[10:54:14] [main/DEBUG] [FML]: Determined Minecraft Libraries Root: E:\Documents\GitHub\winterproject2020\libraries
[10:54:14] [main/DEBUG] [FML]: Enabling runtime deobfuscation
[10:54:14] [main/DEBUG] [FML]: Instantiating coremod class FMLCorePlugin
[10:54:14] [main/DEBUG] [FML]: Found signing certificates for coremod FMLCorePlugin (net.minecraftforge.fml.relauncher.FMLCorePlugin)
[10:54:14] [main/DEBUG] [FML]: Found certificate e3c3d50c7c986df74c645c0ac54639741c90a557
[10:54:14] [main/DEBUG] [FML]: Added access transformer class net.minecraftforge.fml.common.asm.transformers.AccessTransformer to enqueued access transformers
[10:54:14] [main/DEBUG] [FML]: Enqueued coremod FMLCorePlugin
[10:54:14] [main/DEBUG] [FML]: Instantiating coremod class FMLForgePlugin
[10:54:14] [main/DEBUG] [FML]: Found signing certificates for coremod FMLForgePlugin (net.minecraftforge.classloading.FMLForgePlugin)
[10:54:14] [main/DEBUG] [FML]: Found certificate e3c3d50c7c986df74c645c0ac54639741c90a557
[10:54:14] [main/DEBUG] [FML]: Enqueued coremod FMLForgePlugin
[10:54:14] [main/DEBUG] [FML]: All fundamental core mods are successfully located
[10:54:14] [main/DEBUG] [FML]: Discovering coremods
[10:54:14] [main/INFO] [FML]: Searching E:\Documents\GitHub\winterproject2020\.\mods for mods
[10:54:14] [main/INFO] [LaunchWrapper]: Loading tweak class name net.minecraftforge.fml.common.launcher.FMLInjectionAndSortingTweaker
[10:54:14] [main/INFO] [LaunchWrapper]: Loading tweak class name net.minecraftforge.fml.common.launcher.FMLDeobfTweaker
[10:54:14] [main/INFO] [LaunchWrapper]: Calling tweak class net.minecraftforge.fml.common.launcher.FMLInjectionAndSortingTweaker
[10:54:14] [main/INFO] [LaunchWrapper]: Calling tweak class net.minecraftforge.fml.common.launcher.FMLInjectionAndSortingTweaker
[10:54:14] [main/INFO] [LaunchWrapper]: Calling tweak class net.minecraftforge.fml.relauncher.CoreModManager$FMLPluginWrapper
[10:54:14] [main/DEBUG] [FML]: Injecting coremod FMLCorePlugin \{net.minecraftforge.fml.relauncher.FMLCorePlugin\} class transformers
[10:54:14] [main/TRACE] [FML]: Registering transformer net.minecraftforge.fml.common.asm.transformers.SideTransformer
[10:54:14] [main/TRACE] [FML]: Registering transformer net.minecraftforge.fml.common.asm.transformers.EventSubscriptionTransformer
[10:54:14] [main/TRACE] [FML]: Registering transformer net.minecraftforge.fml.common.asm.transformers.EventSubscriberTransformer
[10:54:14] [main/TRACE] [FML]: Registering transformer net.minecraftforge.fml.common.asm.transformers.SoundEngineFixTransformer
[10:54:14] [main/DEBUG] [FML]: Injection complete
[10:54:14] [main/DEBUG] [FML]: Running coremod plugin for FMLCorePlugin \{net.minecraftforge.fml.relauncher.FMLCorePlugin\}
[10:54:14] [main/DEBUG] [FML]: Running coremod plugin FMLCorePlugin
[10:54:15] [main/DEBUG] [FML]: Read 1154 binary patches
[10:54:15] [main/DEBUG] [FML]: Loading deobfuscation resource /deobfuscation_data-1.12.2.lzma with 36076 records
[10:54:15] [main/INFO] [FML]: Found valid fingerprint for Minecraft Forge. Certificate fingerprint e3c3d50c7c986df74c645c0ac54639741c90a557
[10:54:15] [main/DEBUG] [FML]: Coremod plugin class FMLCorePlugin run successfully
[10:54:15] [main/INFO] [LaunchWrapper]: Calling tweak class net.minecraftforge.fml.relauncher.CoreModManager$FMLPluginWrapper
[10:54:15] [main/DEBUG] [FML]: Injecting coremod FMLForgePlugin \{net.minecraftforge.classloading.FMLForgePlugin\} class transformers
[10:54:15] [main/DEBUG] [FML]: Injection complete
[10:54:15] [main/DEBUG] [FML]: Running coremod plugin for FMLForgePlugin \{net.minecraftforge.classloading.FMLForgePlugin\}
[10:54:15] [main/DEBUG] [FML]: Running coremod plugin FMLForgePlugin
[10:54:15] [main/DEBUG] [FML]: Coremod plugin class FMLForgePlugin run successfully
[10:54:15] [main/INFO] [LaunchWrapper]: Calling tweak class net.minecraftforge.fml.common.launcher.FMLDeobfTweaker
[10:54:15] [main/DEBUG] [FML]: Loaded 215 rules from AccessTransformer config file forge_at.cfg
[10:54:15] [main/DEBUG] [FML]: Validating minecraft
[10:54:15] [main/DEBUG] [FML]: Minecraft validated, launching...
[10:54:15] [main/INFO] [LaunchWrapper]: Loading tweak class name net.minecraftforge.fml.common.launcher.TerminalTweaker
[10:54:15] [main/INFO] [LaunchWrapper]: Calling tweak class net.minecraftforge.fml.common.launcher.TerminalTweaker
[10:54:15] [main/INFO] [LaunchWrapper]: Launching wrapped minecraft {net.minecraft.server.MinecraftServer}
[10:54:15] [main/WARN] [net.minecraft.server.ServerEula]: Failed to load eula.txt
[10:54:15] [main/INFO] [net.minecraft.server.MinecraftServer]: You need to agree to the EULA in order to run the server. Go to eula.txt for more info.
