[10:54:41] [Server thread/INFO]: Starting minecraft server version 1.12.2
[10:54:41] [Server thread/INFO]: Loading properties
[10:54:41] [Server console handler/ERROR]: Exception handling console input
java.io.IOException: Das Handle ist ungültig
	at java.io.FileInputStream.readBytes(Native Method) ~[?:1.8.0_271]
	at java.io.FileInputStream.read(Unknown Source) ~[?:1.8.0_271]
	at java.io.BufferedInputStream.read1(Unknown Source) ~[?:1.8.0_271]
	at java.io.BufferedInputStream.read(Unknown Source) ~[?:1.8.0_271]
	at sun.nio.cs.StreamDecoder.readBytes(Unknown Source) ~[?:1.8.0_271]
	at sun.nio.cs.StreamDecoder.implRead(Unknown Source) ~[?:1.8.0_271]
	at sun.nio.cs.StreamDecoder.read(Unknown Source) ~[?:1.8.0_271]
	at java.io.InputStreamReader.read(Unknown Source) ~[?:1.8.0_271]
	at java.io.BufferedReader.fill(Unknown Source) ~[?:1.8.0_271]
	at java.io.BufferedReader.readLine(Unknown Source) ~[?:1.8.0_271]
	at java.io.BufferedReader.readLine(Unknown Source) ~[?:1.8.0_271]
	at nz$2.run(SourceFile:100) [minecraft_server.1.12.2.jar:?]
[10:54:42] [Server thread/WARN]: server.properties does not exist
[10:54:42] [Server thread/INFO]: Generating new properties file
[10:54:42] [Server thread/INFO]: Default game type: SURVIVAL
[10:54:42] [Server thread/INFO]: Generating keypair
[10:54:42] [Server thread/INFO]: Starting Minecraft server on *:25565
[10:54:42] [Server thread/INFO]: Using default channel type
[10:54:42] [Server thread/INFO]: Preparing level "world"
[10:54:42] [Server thread/INFO]: Loaded 488 advancements
[10:54:43] [Server thread/INFO]: Preparing start region for level 0
[10:54:44] [Server thread/INFO]: Preparing spawn area: 11%
[10:54:45] [Server thread/INFO]: Preparing spawn area: 25%
[10:54:46] [Server thread/INFO]: Preparing spawn area: 36%
[10:54:47] [Server thread/INFO]: Preparing spawn area: 51%
[10:54:48] [Server thread/INFO]: Preparing spawn area: 67%
[10:54:49] [Server thread/INFO]: Preparing spawn area: 83%
[10:54:50] [Server thread/INFO]: Preparing spawn area: 98%
[10:54:50] [Server thread/INFO]: Done (7,758s)! For help, type "help" or "?"
[10:54:55] [Server thread/INFO]: Stopping server
[10:54:55] [Server thread/INFO]: Saving players
[10:54:55] [Server thread/INFO]: Saving worlds
[10:54:55] [Server thread/INFO]: Saving chunks for level 'world'/overworld
[10:54:55] [Server Shutdown Thread/INFO]: Stopping server
[10:54:55] [Server Shutdown Thread/INFO]: Saving players
[10:54:55] [Server Shutdown Thread/INFO]: Saving worlds
[10:54:55] [Server Shutdown Thread/INFO]: Saving chunks for level 'world'/overworld
